DTMS_v2/build/intermediates/manifest_merge_blame_file/release/manifest-merger-blame-release-report.txt
1<?xml version="1.0" encoding="utf-8"?>
2<manifest xmlns:android="http://schemas.android.com/apk/res/android"
3    package="com.neognp.dtmsapp_v1"
4    android:versionCode="105"
5    android:versionName="1.0.5" >
6
7    <uses-sdk
8        android:minSdkVersion="21"
8-->src\main\AndroidManifest.xml
9        android:targetSdkVersion="30" />
9-->src\main\AndroidManifest.xml
10
11    <uses-feature
11-->src\main\AndroidManifest.xml:6:5-8:35
12        android:name="android.hardware.camera"
12-->src\main\AndroidManifest.xml:7:9-47
13        android:required="true" />
13-->src\main\AndroidManifest.xml:8:9-32
14    <uses-feature android:name="android.hardware.camera2.full" />
14-->src\main\AndroidManifest.xml:9:5-66
14-->src\main\AndroidManifest.xml:9:19-63
15    <uses-feature android:name="android.hardware.camera.autofocus" />
15-->src\main\AndroidManifest.xml:10:5-70
15-->src\main\AndroidManifest.xml:10:19-67
16
17    <uses-permission android:name="android.permission.INTERNET" />
17-->src\main\AndroidManifest.xml:12:5-67
17-->src\main\AndroidManifest.xml:12:22-64
18    <uses-permission android:name="android.permission.ACCESS_NETWORK_STATE" />
18-->src\main\AndroidManifest.xml:13:5-79
18-->src\main\AndroidManifest.xml:13:22-76
19    <uses-permission android:name="android.permission.READ_PHONE_STATE" />
19-->src\main\AndroidManifest.xml:14:5-75
19-->src\main\AndroidManifest.xml:14:22-72
20    <uses-permission android:name="android.permission.CALL_PHONE" />
20-->src\main\AndroidManifest.xml:15:5-69
20-->src\main\AndroidManifest.xml:15:22-66
21    <uses-permission android:name="android.permission.DIAL_PHONE" />
21-->src\main\AndroidManifest.xml:16:5-69
21-->src\main\AndroidManifest.xml:16:22-66
22    <uses-permission android:name="android.permission.READ_EXTERNAL_STORAGE" />
22-->src\main\AndroidManifest.xml:17:5-80
22-->src\main\AndroidManifest.xml:17:22-77
23    <uses-permission android:name="android.permission.WRITE_EXTERNAL_STORAGE" />
23-->src\main\AndroidManifest.xml:18:5-81
23-->src\main\AndroidManifest.xml:18:22-78
24    <uses-permission android:name="android.permission.ACCESS_FINE_LOCATION" />
24-->src\main\AndroidManifest.xml:19:5-79
24-->src\main\AndroidManifest.xml:19:22-76
25    <uses-permission android:name="android.permission.ACCESS_COARSE_LOCATION" />
25-->src\main\AndroidManifest.xml:20:5-81
25-->src\main\AndroidManifest.xml:20:22-78
26    <uses-permission android:name="android.permission.ACCESS_BACKGROUND_LOCATION" />
26-->src\main\AndroidManifest.xml:21:5-85
26-->src\main\AndroidManifest.xml:21:22-82
27    <uses-permission android:name="android.permission.VIBRATE" />
27-->src\main\AndroidManifest.xml:22:5-66
27-->src\main\AndroidManifest.xml:22:22-63
28    <uses-permission android:name="android.permission.CAMERA" />
28-->src\main\AndroidManifest.xml:23:5-64
28-->src\main\AndroidManifest.xml:23:22-62
29    <uses-permission android:name="android.permission.RECORD_AUDIO" />
29-->src\main\AndroidManifest.xml:24:5-70
29-->src\main\AndroidManifest.xml:24:22-68
30    <uses-permission android:name="android.permission.WAKE_LOCK" />
30-->src\main\AndroidManifest.xml:25:5-68
30-->src\main\AndroidManifest.xml:25:22-65
31    <uses-permission android:name="android.permission.FOREGROUND_SERVICE" />
31-->src\main\AndroidManifest.xml:26:5-77
31-->src\main\AndroidManifest.xml:26:22-74
32
33    <uses-feature
33-->[com.google.android.gms:play-services-maps:17.0.0] AndroidManifest.xml:26:5-28:35
34        android:glEsVersion="0x00020000"
34-->[com.google.android.gms:play-services-maps:17.0.0] AndroidManifest.xml:27:9-41
35        android:required="true" />
35-->[com.google.android.gms:play-services-maps:17.0.0] AndroidManifest.xml:28:9-32
36    <uses-feature
36-->[com.journeyapps:zxing-android-embedded:3.6.0] AndroidManifest.xml:28:5-30:36
37        android:name="android.hardware.camera.front"
37-->[com.journeyapps:zxing-android-embedded:3.6.0] AndroidManifest.xml:29:9-53
38        android:required="false" />
38-->[com.journeyapps:zxing-android-embedded:3.6.0] AndroidManifest.xml:30:9-33
39    <uses-feature
39-->[com.journeyapps:zxing-android-embedded:3.6.0] AndroidManifest.xml:36:5-38:36
40        android:name="android.hardware.camera.flash"
40-->[com.journeyapps:zxing-android-embedded:3.6.0] AndroidManifest.xml:37:9-53
41        android:required="false" />
41-->[com.journeyapps:zxing-android-embedded:3.6.0] AndroidManifest.xml:38:9-33
42    <uses-feature
42-->[com.journeyapps:zxing-android-embedded:3.6.0] AndroidManifest.xml:39:5-41:36
43        android:name="android.hardware.screen.landscape"
43-->[com.journeyapps:zxing-android-embedded:3.6.0] AndroidManifest.xml:40:9-57
44        android:required="false" />
44-->[com.journeyapps:zxing-android-embedded:3.6.0] AndroidManifest.xml:41:9-33
45    <uses-feature
45-->[com.journeyapps:zxing-android-embedded:3.6.0] AndroidManifest.xml:42:5-44:36
46        android:name="android.hardware.wifi"
46-->[com.journeyapps:zxing-android-embedded:3.6.0] AndroidManifest.xml:43:9-45
47        android:required="false" />
47-->[com.journeyapps:zxing-android-embedded:3.6.0] AndroidManifest.xml:44:9-33
48    <uses-feature
48-->[com.otaliastudios:cameraview:2.0.0-rc1] AndroidManifest.xml:28:5-30:36
49        android:name="android.hardware.microphone"
49-->[com.otaliastudios:cameraview:2.0.0-rc1] AndroidManifest.xml:29:9-51
50        android:required="false" /> <!-- Required by older versions of Google Play services to create IID tokens -->
50-->[com.otaliastudios:cameraview:2.0.0-rc1] AndroidManifest.xml:30:9-33
51    <uses-permission android:name="com.google.android.c2dm.permission.RECEIVE" />
51-->[com.google.firebase:firebase-iid:21.0.1] AndroidManifest.xml:26:5-82
51-->[com.google.firebase:firebase-iid:21.0.1] AndroidManifest.xml:26:22-79
52    <uses-permission android:name="com.google.android.finsky.permission.BIND_GET_INSTALL_REFERRER_SERVICE" />
52-->[com.google.android.gms:play-services-measurement:18.0.0] AndroidManifest.xml:26:5-110
52-->[com.google.android.gms:play-services-measurement:18.0.0] AndroidManifest.xml:26:22-107
53
54    <application
54-->src\main\AndroidManifest.xml:28:5-364:19
55        android:name="com.neognp.dtmsapp_v1.app.MyApp"
55-->src\main\AndroidManifest.xml:29:9-55
56        android:allowBackup="true"
56-->src\main\AndroidManifest.xml:32:9-35
57        android:appComponentFactory="androidx.core.app.CoreComponentFactory"
57-->[androidx.core:core:1.3.1] AndroidManifest.xml:24:18-86
58        android:hardwareAccelerated="true"
58-->src\main\AndroidManifest.xml:33:9-43
59        android:icon="@drawable/img_logo"
59-->src\main\AndroidManifest.xml:31:9-42
60        android:label="@string/app_name"
60-->src\main\AndroidManifest.xml:30:9-41
61        android:largeHeap="true"
61-->src\main\AndroidManifest.xml:35:9-33
62        android:requestLegacyExternalStorage="true"
62-->src\main\AndroidManifest.xml:36:9-52
63        android:supportsRtl="true"
63-->src\main\AndroidManifest.xml:34:9-35
64        android:theme="@style/AppTheme"
64-->src\main\AndroidManifest.xml:37:9-40
65        android:usesCleartextTraffic="true" >
65-->src\main\AndroidManifest.xml:38:9-44
66        <uses-library
66-->src\main\AndroidManifest.xml:42:9-44:40
67            android:name="org.apache.http.legacy"
67-->src\main\AndroidManifest.xml:43:13-50
68            android:required="false" />
68-->src\main\AndroidManifest.xml:44:13-37
69
70        <!-- to support larger/other screen sizes like for Galaxy s8+ or s9+ -->
71        <meta-data
71-->src\main\AndroidManifest.xml:47:9-49:35
72            android:name="android.max_aspect"
72-->src\main\AndroidManifest.xml:48:13-46
73            android:value="2.1" />
73-->src\main\AndroidManifest.xml:49:13-32
74        <meta-data
74-->src\main\AndroidManifest.xml:50:9-52:55
75            android:name="com.google.android.geo.API_KEY"
75-->src\main\AndroidManifest.xml:51:13-58
76            android:value="@string/google_maps_key" />
76-->src\main\AndroidManifest.xml:52:13-52
77        <!--
78             Set custom default icon. This is used when no icon is set for incoming notification messages.
79                See README(https://goo.gl/l4GJaQ) for more.
80        -->
81        <meta-data
81-->src\main\AndroidManifest.xml:55:9-57:53
82            android:name="com.google.firebase.messaging.default_notification_icon"
82-->src\main\AndroidManifest.xml:56:13-83
83            android:resource="@drawable/img_logo" />
83-->src\main\AndroidManifest.xml:57:13-50
84        <!--
85             Set color used with incoming notification messages. This is used when no color is set for the incoming
86                  notification message. See README(https://goo.gl/6BKBk7) for more.
87        -->
88        <meta-data
88-->src\main\AndroidManifest.xml:60:9-62:53
89            android:name="com.google.firebase.messaging.default_notification_color"
89-->src\main\AndroidManifest.xml:61:13-84
90            android:resource="@color/colorAccent" />
90-->src\main\AndroidManifest.xml:62:13-50
91        <meta-data
91-->src\main\AndroidManifest.xml:63:9-65:63
92            android:name="com.google.firebase.messaging.default_notification_channel_id"
92-->src\main\AndroidManifest.xml:64:13-89
93            android:value="@string/notification_channel_id" />
93-->src\main\AndroidManifest.xml:65:13-60
94
95        <!-- Barcode -->
96        <meta-data
96-->src\main\AndroidManifest.xml:68:9-70:38
97            android:name="com.google.firebase.ml.vision.DEPENDENCIES"
97-->src\main\AndroidManifest.xml:69:13-70
98            android:value="barcode" />
98-->src\main\AndroidManifest.xml:70:13-36
99
100        <service android:name="com.neognp.dtmsapp_v1.fcm.MyFirebaseMessagingService" >
100-->src\main\AndroidManifest.xml:72:9-76:19
100-->src\main\AndroidManifest.xml:72:18-85
101            <intent-filter>
101-->src\main\AndroidManifest.xml:73:13-75:29
102                <action android:name="com.google.firebase.MESSAGING_EVENT" />
102-->src\main\AndroidManifest.xml:74:17-78
102-->src\main\AndroidManifest.xml:74:25-75
103            </intent-filter>
104        </service>
105        <service
105-->src\main\AndroidManifest.xml:78:9-80:38
106            android:name="com.neognp.dtmsapp_v1.gps.GpsTrackingService"
106-->src\main\AndroidManifest.xml:79:13-72
107            android:enabled="true" />
107-->src\main\AndroidManifest.xml:80:13-35
108
109        <!-- 사진 파일 접근 경로 지정 -->
110        <provider
111            android:name="androidx.core.content.FileProvider"
111-->src\main\AndroidManifest.xml:84:13-62
112            android:authorities="com.neognp.dtmsapp_v1.provider"
112-->src\main\AndroidManifest.xml:85:13-60
113            android:exported="false"
113-->src\main\AndroidManifest.xml:86:13-37
114            android:grantUriPermissions="true" >
114-->src\main\AndroidManifest.xml:87:13-47
115            <meta-data
115-->src\main\AndroidManifest.xml:88:13-90:58
116                android:name="android.support.FILE_PROVIDER_PATHS"
116-->src\main\AndroidManifest.xml:89:17-67
117                android:resource="@xml/provider_paths" />
117-->src\main\AndroidManifest.xml:90:17-55
118        </provider>
119
120        <activity
120-->src\main\AndroidManifest.xml:93:9-103:20
121            android:name="com.neognp.dtmsapp_v1.intro.IntroActivity"
121-->src\main\AndroidManifest.xml:94:13-69
122            android:configChanges="orientation|keyboardHidden|screenSize"
122-->src\main\AndroidManifest.xml:95:13-74
123            android:screenOrientation="portrait" >
123-->src\main\AndroidManifest.xml:96:13-49
124            <intent-filter>
124-->src\main\AndroidManifest.xml:97:13-102:29
125                <action android:name="android.intent.action.VIEW" />
125-->src\main\AndroidManifest.xml:98:17-69
125-->src\main\AndroidManifest.xml:98:25-66
126                <action android:name="android.intent.action.MAIN" />
126-->src\main\AndroidManifest.xml:99:17-69
126-->src\main\AndroidManifest.xml:99:25-66
127
128                <category android:name="android.intent.category.LAUNCHER" />
128-->src\main\AndroidManifest.xml:101:17-77
128-->src\main\AndroidManifest.xml:101:27-74
129            </intent-filter>
130        </activity>
131        <activity
131-->src\main\AndroidManifest.xml:104:9-113:20
132            android:name="com.neognp.dtmsapp_v1.login.LoginActivity"
132-->src\main\AndroidManifest.xml:105:13-69
133            android:configChanges="orientation|keyboardHidden|screenSize"
133-->src\main\AndroidManifest.xml:106:13-74
134            android:exported="true"
134-->src\main\AndroidManifest.xml:109:13-36
135            android:screenOrientation="portrait"
135-->src\main\AndroidManifest.xml:107:13-49
136            android:windowSoftInputMode="adjustPan" >
136-->src\main\AndroidManifest.xml:108:13-52
137            <intent-filter>
137-->src\main\AndroidManifest.xml:110:13-112:29
138                <action android:name="android.intent.action.MAIN" />
138-->src\main\AndroidManifest.xml:99:17-69
138-->src\main\AndroidManifest.xml:99:25-66
139            </intent-filter>
140        </activity>
141
142        <!-- Car -->
143        <activity
143-->src\main\AndroidManifest.xml:116:9-123:20
144            android:name="com.neognp.dtmsapp_v1.car.MainActivity"
144-->src\main\AndroidManifest.xml:117:13-66
145            android:configChanges="orientation|keyboardHidden|screenSize"
145-->src\main\AndroidManifest.xml:118:13-74
146            android:screenOrientation="portrait" >
146-->src\main\AndroidManifest.xml:119:13-49
147            <intent-filter>
147-->src\main\AndroidManifest.xml:110:13-112:29
148                <action android:name="android.intent.action.MAIN" />
148-->src\main\AndroidManifest.xml:99:17-69
148-->src\main\AndroidManifest.xml:99:25-66
149            </intent-filter>
150        </activity>
151        <activity
151-->src\main\AndroidManifest.xml:124:9-131:20
152            android:name="com.neognp.dtmsapp_v1.car.DispatchRequestActivity"
152-->src\main\AndroidManifest.xml:125:13-77
153            android:configChanges="orientation|keyboardHidden|screenSize"
153-->src\main\AndroidManifest.xml:126:13-74
154            android:screenOrientation="portrait" >
154-->src\main\AndroidManifest.xml:127:13-49
155            <intent-filter>
155-->src\main\AndroidManifest.xml:110:13-112:29
156                <action android:name="android.intent.action.MAIN" />
156-->src\main\AndroidManifest.xml:99:17-69
156-->src\main\AndroidManifest.xml:99:25-66
157            </intent-filter>
158        </activity>
159        <activity
159-->src\main\AndroidManifest.xml:132:9-139:20
160            android:name="com.neognp.dtmsapp_v1.car.DispatchListActivity"
160-->src\main\AndroidManifest.xml:133:13-74
161            android:configChanges="orientation|keyboardHidden|screenSize"
161-->src\main\AndroidManifest.xml:134:13-74
162            android:screenOrientation="portrait" >
162-->src\main\AndroidManifest.xml:135:13-49
163            <intent-filter>
163-->src\main\AndroidManifest.xml:110:13-112:29
164                <action android:name="android.intent.action.MAIN" />
164-->src\main\AndroidManifest.xml:99:17-69
164-->src\main\AndroidManifest.xml:99:25-66
165            </intent-filter>
166        </activity>
167        <activity
167-->src\main\AndroidManifest.xml:140:9-148:20
168            android:name="com.neognp.dtmsapp_v1.car.PalletOutActivity"
168-->src\main\AndroidManifest.xml:141:13-71
169            android:configChanges="orientation|keyboardHidden|screenSize"
169-->src\main\AndroidManifest.xml:142:13-74
170            android:screenOrientation="portrait"
170-->src\main\AndroidManifest.xml:143:13-49
171            android:windowSoftInputMode="adjustPan" >
171-->src\main\AndroidManifest.xml:144:13-52
172            <intent-filter>
172-->src\main\AndroidManifest.xml:110:13-112:29
173                <action android:name="android.intent.action.MAIN" />
173-->src\main\AndroidManifest.xml:99:17-69
173-->src\main\AndroidManifest.xml:99:25-66
174            </intent-filter>
175        </activity>
176        <activity
176-->src\main\AndroidManifest.xml:149:9-156:20
177            android:name="com.neognp.dtmsapp_v1.car.LoadListActivity"
177-->src\main\AndroidManifest.xml:150:13-70
178            android:configChanges="orientation|keyboardHidden|screenSize"
178-->src\main\AndroidManifest.xml:151:13-74
179            android:screenOrientation="portrait" >
179-->src\main\AndroidManifest.xml:152:13-49
180            <intent-filter>
180-->src\main\AndroidManifest.xml:110:13-112:29
181                <action android:name="android.intent.action.MAIN" />
181-->src\main\AndroidManifest.xml:99:17-69
181-->src\main\AndroidManifest.xml:99:25-66
182            </intent-filter>
183        </activity>
184        <activity
184-->src\main\AndroidManifest.xml:157:9-164:20
185            android:name="com.neognp.dtmsapp_v1.car.PalletActivity"
185-->src\main\AndroidManifest.xml:158:13-68
186            android:configChanges="orientation|keyboardHidden|screenSize"
186-->src\main\AndroidManifest.xml:159:13-74
187            android:screenOrientation="portrait" >
187-->src\main\AndroidManifest.xml:160:13-49
188            <intent-filter>
188-->src\main\AndroidManifest.xml:110:13-112:29
189                <action android:name="android.intent.action.MAIN" />
189-->src\main\AndroidManifest.xml:99:17-69
189-->src\main\AndroidManifest.xml:99:25-66
190            </intent-filter>
191        </activity>
192        <activity
192-->src\main\AndroidManifest.xml:165:9-173:20
193            android:name="com.neognp.dtmsapp_v1.car.PalletInActivity"
193-->src\main\AndroidManifest.xml:166:13-70
194            android:configChanges="orientation|keyboardHidden|screenSize"
194-->src\main\AndroidManifest.xml:167:13-74
195            android:screenOrientation="portrait"
195-->src\main\AndroidManifest.xml:168:13-49
196            android:windowSoftInputMode="adjustPan" >
196-->src\main\AndroidManifest.xml:169:13-52
197            <intent-filter>
197-->src\main\AndroidManifest.xml:110:13-112:29
198                <action android:name="android.intent.action.MAIN" />
198-->src\main\AndroidManifest.xml:99:17-69
198-->src\main\AndroidManifest.xml:99:25-66
199            </intent-filter>
200        </activity>
201        <activity
201-->src\main\AndroidManifest.xml:174:9-181:20
202            android:name="com.neognp.dtmsapp_v1.car.PalletCameraActivity"
202-->src\main\AndroidManifest.xml:175:13-74
203            android:configChanges="orientation|keyboardHidden|screenSize"
203-->src\main\AndroidManifest.xml:176:13-74
204            android:screenOrientation="portrait" >
204-->src\main\AndroidManifest.xml:177:13-49
205            <intent-filter>
205-->src\main\AndroidManifest.xml:110:13-112:29
206                <action android:name="android.intent.action.MAIN" />
206-->src\main\AndroidManifest.xml:99:17-69
206-->src\main\AndroidManifest.xml:99:25-66
207            </intent-filter>
208        </activity>
209        <activity
209-->src\main\AndroidManifest.xml:182:9-189:20
210            android:name="com.neognp.dtmsapp_v1.car.ReceiptCameraActivity"
210-->src\main\AndroidManifest.xml:183:13-75
211            android:configChanges="orientation|keyboardHidden|screenSize"
211-->src\main\AndroidManifest.xml:184:13-74
212            android:screenOrientation="portrait" >
212-->src\main\AndroidManifest.xml:185:13-49
213            <intent-filter>
213-->src\main\AndroidManifest.xml:110:13-112:29
214                <action android:name="android.intent.action.MAIN" />
214-->src\main\AndroidManifest.xml:99:17-69
214-->src\main\AndroidManifest.xml:99:25-66
215            </intent-filter>
216        </activity>
217        <activity
217-->src\main\AndroidManifest.xml:190:9-197:20
218            android:name="com.neognp.dtmsapp_v1.car.RecordListActivity"
218-->src\main\AndroidManifest.xml:191:13-72
219            android:configChanges="orientation|keyboardHidden|screenSize"
219-->src\main\AndroidManifest.xml:192:13-74
220            android:screenOrientation="portrait" >
220-->src\main\AndroidManifest.xml:193:13-49
221            <intent-filter>
221-->src\main\AndroidManifest.xml:110:13-112:29
222                <action android:name="android.intent.action.MAIN" />
222-->src\main\AndroidManifest.xml:99:17-69
222-->src\main\AndroidManifest.xml:99:25-66
223            </intent-filter>
224        </activity>
225        <activity
225-->src\main\AndroidManifest.xml:198:9-205:20
226            android:name="com.neognp.dtmsapp_v1.car.RecordDetailActivity"
226-->src\main\AndroidManifest.xml:199:13-74
227            android:configChanges="orientation|keyboardHidden|screenSize"
227-->src\main\AndroidManifest.xml:200:13-74
228            android:screenOrientation="portrait" >
228-->src\main\AndroidManifest.xml:201:13-49
229            <intent-filter>
229-->src\main\AndroidManifest.xml:110:13-112:29
230                <action android:name="android.intent.action.MAIN" />
230-->src\main\AndroidManifest.xml:99:17-69
230-->src\main\AndroidManifest.xml:99:25-66
231            </intent-filter>
232        </activity>
233        <activity
233-->src\main\AndroidManifest.xml:206:9-213:20
234            android:name="com.neognp.dtmsapp_v1.car.LocationActivity"
234-->src\main\AndroidManifest.xml:207:13-70
235            android:configChanges="orientation|keyboardHidden|screenSize"
235-->src\main\AndroidManifest.xml:208:13-74
236            android:screenOrientation="portrait" >
236-->src\main\AndroidManifest.xml:209:13-49
237            <intent-filter>
237-->src\main\AndroidManifest.xml:110:13-112:29
238                <action android:name="android.intent.action.MAIN" />
238-->src\main\AndroidManifest.xml:99:17-69
238-->src\main\AndroidManifest.xml:99:25-66
239            </intent-filter>
240        </activity>
241        <activity
241-->src\main\AndroidManifest.xml:214:9-221:20
242            android:name="com.neognp.dtmsapp_v1.car.NoticeListActivity"
242-->src\main\AndroidManifest.xml:215:13-72
243            android:configChanges="orientation|keyboardHidden|screenSize"
243-->src\main\AndroidManifest.xml:216:13-74
244            android:screenOrientation="portrait" >
244-->src\main\AndroidManifest.xml:217:13-49
245            <intent-filter>
245-->src\main\AndroidManifest.xml:110:13-112:29
246                <action android:name="android.intent.action.MAIN" />
246-->src\main\AndroidManifest.xml:99:17-69
246-->src\main\AndroidManifest.xml:99:25-66
247            </intent-filter>
248        </activity>
249        <activity
249-->src\main\AndroidManifest.xml:222:9-229:20
250            android:name="com.neognp.dtmsapp_v1.car.NoticeDetailActivity"
250-->src\main\AndroidManifest.xml:223:13-74
251            android:configChanges="orientation|keyboardHidden|screenSize"
251-->src\main\AndroidManifest.xml:224:13-74
252            android:screenOrientation="portrait" >
252-->src\main\AndroidManifest.xml:225:13-49
253            <intent-filter>
253-->src\main\AndroidManifest.xml:110:13-112:29
254                <action android:name="android.intent.action.MAIN" />
254-->src\main\AndroidManifest.xml:99:17-69
254-->src\main\AndroidManifest.xml:99:25-66
255            </intent-filter>
256        </activity>
257
258        <!-- Cust -->
259        <activity
259-->src\main\AndroidManifest.xml:232:9-239:20
260            android:name="com.neognp.dtmsapp_v1.cust.MainActivity"
260-->src\main\AndroidManifest.xml:233:13-67
261            android:configChanges="orientation|keyboardHidden|screenSize"
261-->src\main\AndroidManifest.xml:234:13-74
262            android:screenOrientation="portrait" >
262-->src\main\AndroidManifest.xml:235:13-49
263            <intent-filter>
263-->src\main\AndroidManifest.xml:110:13-112:29
264                <action android:name="android.intent.action.MAIN" />
264-->src\main\AndroidManifest.xml:99:17-69
264-->src\main\AndroidManifest.xml:99:25-66
265            </intent-filter>
266        </activity>
267        <activity
267-->src\main\AndroidManifest.xml:240:9-247:20
268            android:name="com.neognp.dtmsapp_v1.cust.DispatchListActivity"
268-->src\main\AndroidManifest.xml:241:13-75
269            android:configChanges="orientation|keyboardHidden|screenSize"
269-->src\main\AndroidManifest.xml:242:13-74
270            android:screenOrientation="portrait" >
270-->src\main\AndroidManifest.xml:243:13-49
271            <intent-filter>
271-->src\main\AndroidManifest.xml:110:13-112:29
272                <action android:name="android.intent.action.MAIN" />
272-->src\main\AndroidManifest.xml:99:17-69
272-->src\main\AndroidManifest.xml:99:25-66
273            </intent-filter>
274        </activity>
275        <activity
275-->src\main\AndroidManifest.xml:248:9-255:20
276            android:name="com.neognp.dtmsapp_v1.cust.OrderActivity"
276-->src\main\AndroidManifest.xml:249:13-68
277            android:configChanges="orientation|keyboardHidden|screenSize"
277-->src\main\AndroidManifest.xml:250:13-74
278            android:screenOrientation="portrait" >
278-->src\main\AndroidManifest.xml:251:13-49
279            <intent-filter>
279-->src\main\AndroidManifest.xml:110:13-112:29
280                <action android:name="android.intent.action.MAIN" />
280-->src\main\AndroidManifest.xml:99:17-69
280-->src\main\AndroidManifest.xml:99:25-66
281            </intent-filter>
282        </activity>
283        <activity
283-->src\main\AndroidManifest.xml:256:9-264:20
284            android:name="com.neognp.dtmsapp_v1.cust.OrderNewActivity"
284-->src\main\AndroidManifest.xml:257:13-71
285            android:configChanges="orientation|keyboardHidden|screenSize"
285-->src\main\AndroidManifest.xml:258:13-74
286            android:screenOrientation="portrait"
286-->src\main\AndroidManifest.xml:259:13-49
287            android:windowSoftInputMode="adjustPan" >
287-->src\main\AndroidManifest.xml:260:13-52
288            <intent-filter>
288-->src\main\AndroidManifest.xml:110:13-112:29
289                <action android:name="android.intent.action.MAIN" />
289-->src\main\AndroidManifest.xml:99:17-69
289-->src\main\AndroidManifest.xml:99:25-66
290            </intent-filter>
291        </activity>
292        <activity
292-->src\main\AndroidManifest.xml:265:9-272:20
293            android:name="com.neognp.dtmsapp_v1.cust.NoticeListActivity"
293-->src\main\AndroidManifest.xml:266:13-73
294            android:configChanges="orientation|keyboardHidden|screenSize"
294-->src\main\AndroidManifest.xml:267:13-74
295            android:screenOrientation="portrait" >
295-->src\main\AndroidManifest.xml:268:13-49
296            <intent-filter>
296-->src\main\AndroidManifest.xml:110:13-112:29
297                <action android:name="android.intent.action.MAIN" />
297-->src\main\AndroidManifest.xml:99:17-69
297-->src\main\AndroidManifest.xml:99:25-66
298            </intent-filter>
299        </activity>
300        <activity
300-->src\main\AndroidManifest.xml:273:9-280:20
301            android:name="com.neognp.dtmsapp_v1.cust.NoticeDetailActivity"
301-->src\main\AndroidManifest.xml:274:13-75
302            android:configChanges="orientation|keyboardHidden|screenSize"
302-->src\main\AndroidManifest.xml:275:13-74
303            android:screenOrientation="portrait" >
303-->src\main\AndroidManifest.xml:276:13-49
304            <intent-filter>
304-->src\main\AndroidManifest.xml:110:13-112:29
305                <action android:name="android.intent.action.MAIN" />
305-->src\main\AndroidManifest.xml:99:17-69
305-->src\main\AndroidManifest.xml:99:25-66
306            </intent-filter>
307        </activity>
308        <activity
308-->src\main\AndroidManifest.xml:281:9-288:20
309            android:name="com.neognp.dtmsapp_v1.cust.LocationActivity"
309-->src\main\AndroidManifest.xml:282:13-71
310            android:configChanges="orientation|keyboardHidden|screenSize"
310-->src\main\AndroidManifest.xml:283:13-74
311            android:screenOrientation="portrait" >
311-->src\main\AndroidManifest.xml:284:13-49
312            <intent-filter>
312-->src\main\AndroidManifest.xml:110:13-112:29
313                <action android:name="android.intent.action.MAIN" />
313-->src\main\AndroidManifest.xml:99:17-69
313-->src\main\AndroidManifest.xml:99:25-66
314            </intent-filter>
315        </activity>
316
317        <!-- Admin -->
318        <activity
318-->src\main\AndroidManifest.xml:291:9-298:20
319            android:name="com.neognp.dtmsapp_v1.admin.MainActivity"
319-->src\main\AndroidManifest.xml:292:13-68
320            android:configChanges="orientation|keyboardHidden|screenSize"
320-->src\main\AndroidManifest.xml:293:13-74
321            android:screenOrientation="portrait" >
321-->src\main\AndroidManifest.xml:294:13-49
322            <intent-filter>
322-->src\main\AndroidManifest.xml:110:13-112:29
323                <action android:name="android.intent.action.MAIN" />
323-->src\main\AndroidManifest.xml:99:17-69
323-->src\main\AndroidManifest.xml:99:25-66
324            </intent-filter>
325        </activity>
326        <activity
326-->src\main\AndroidManifest.xml:299:9-306:20
327            android:name="com.neognp.dtmsapp_v1.admin.DispatchListActivity"
327-->src\main\AndroidManifest.xml:300:13-76
328            android:configChanges="orientation|keyboardHidden|screenSize"
328-->src\main\AndroidManifest.xml:301:13-74
329            android:screenOrientation="portrait" >
329-->src\main\AndroidManifest.xml:302:13-49
330            <intent-filter>
330-->src\main\AndroidManifest.xml:110:13-112:29
331                <action android:name="android.intent.action.MAIN" />
331-->src\main\AndroidManifest.xml:99:17-69
331-->src\main\AndroidManifest.xml:99:25-66
332            </intent-filter>
333        </activity>
334        <activity
334-->src\main\AndroidManifest.xml:307:9-314:20
335            android:name="com.neognp.dtmsapp_v1.admin.LocationActivity"
335-->src\main\AndroidManifest.xml:308:13-72
336            android:configChanges="orientation|keyboardHidden|screenSize"
336-->src\main\AndroidManifest.xml:309:13-74